{
  "RSpec": {
    "coverage": {
      "/Users/paula/Projects/bookmark-manager/app.rb": {
        "lines": [
          1,
          1,
          1,
          1,
          1,
          1,
          1,
          1,
          null,
          1,
          1,
          1,
          1,
          null,
          1,
          1,
          null,
          null,
          1,
          14,
          14,
          null,
          null,
          1,
          2,
          null,
          null,
          1,
          2,
          2,
          null,
          null,
          1,
          1,
          1,
          null,
          null,
          1,
          1,
          1,
          null,
          null,
          1,
          1,
          1,
          null,
          null,
          1,
          1,
          1,
          null,
          null,
          1,
          1,
          1,
          null,
          null,
          1,
          3,
          3,
          null,
          null,
          1,
          3,
          3,
          3,
          null,
          null,
          1,
          1,
          1,
          null,
          null,
          null,
          null,
          1,
          null
        ]
      },
      "/Users/paula/Projects/bookmark-manager/lib/bookmark.rb": {
        "lines": [
          1,
          1,
          1,
          1,
          null,
          1,
          1,
          null,
          1,
          50,
          50,
          50,
          null,
          null,
          1,
          18,
          18,
          22,
          null,
          null,
          null,
          1,
          23,
          null,
          21,
          21,
          null,
          null,
          1,
          2,
          null,
          null,
          1,
          2,
          2,
          null,
          null,
          1,
          2,
          2,
          null,
          null,
          1,
          2,
          2,
          3,
          null,
          null,
          null,
          1,
          19,
          null,
          null,
          1,
          23,
          null,
          null,
          1,
          null,
          1,
          23,
          null,
          null,
          null
        ]
      },
      "/Users/paula/Projects/bookmark-manager/lib/database_connection.rb": {
        "lines": [
          1,
          null,
          1,
          null,
          1,
          5,
          null,
          null,
          1,
          121,
          null,
          null,
          null
        ]
      },
      "/Users/paula/Projects/bookmark-manager/lib/comment.rb": {
        "lines": [
          1,
          1,
          null,
          1,
          7,
          7,
          7,
          null,
          null,
          null,
          1,
          4,
          4,
          null,
          null,
          1,
          19,
          19,
          3,
          null,
          null,
          null,
          null
        ]
      },
      "/Users/paula/Projects/bookmark-manager/lib/tag.rb": {
        "lines": [
          1,
          null,
          1,
          1,
          null,
          1,
          25,
          25,
          null,
          null,
          1,
          13,
          13,
          0,
          null,
          13,
          null,
          null,
          1,
          23,
          23,
          10,
          null,
          null,
          null,
          1,
          2,
          2,
          null,
          null,
          1,
          2,
          null,
          null
        ]
      },
      "/Users/paula/Projects/bookmark-manager/database_connection_setup.rb": {
        "lines": [
          1,
          null,
          1,
          0,
          null,
          1,
          null
        ]
      },
      "/Users/paula/Projects/bookmark-manager/lib/bookmark_tag.rb": {
        "lines": [
          1,
          null,
          1,
          1,
          null,
          null,
          1,
          8,
          8,
          null,
          null,
          1,
          8,
          8,
          null,
          null
        ]
      },
      "/Users/paula/Projects/bookmark-manager/spec/bookmark_spec.rb": {
        "lines": [
          1,
          1,
          null,
          1,
          2,
          2,
          null,
          1,
          1,
          2,
          null,
          null,
          1,
          1,
          null,
          1,
          1,
          null,
          1,
          1,
          1,
          1,
          1,
          null,
          null,
          null,
          1,
          1,
          1,
          1,
          null,
          1,
          1,
          1,
          null,
          null,
          1,
          1,
          1,
          null,
          null,
          1,
          1,
          1,
          1,
          1,
          null,
          null,
          null,
          1,
          1,
          1,
          1,
          null,
          1,
          1,
          1,
          1,
          null,
          null,
          null,
          1,
          1,
          1,
          1,
          null,
          1,
          1,
          1,
          null,
          null,
          null,
          1,
          1,
          1,
          1,
          1,
          1,
          1,
          null,
          1,
          1,
          null,
          1,
          1,
          1,
          1,
          null,
          null,
          null,
          1,
          1,
          1,
          1,
          1,
          null,
          null,
          null,
          1,
          1,
          1,
          1,
          1,
          null,
          null,
          null,
          null
        ]
      },
      "/Users/paula/Projects/bookmark-manager/spec/database_helper.rb": {
        "lines": [
          1,
          1,
          null,
          1,
          4,
          null
        ]
      },
      "/Users/paula/Projects/bookmark-manager/spec/bookmark_tag_spec.rb": {
        "lines": [
          1,
          null,
          1,
          null,
          1,
          1,
          1,
          1,
          null,
          1,
          null,
          1,
          1,
          null,
          null,
          null
        ]
      },
      "/Users/paula/Projects/bookmark-manager/spec/comment_spec.rb": {
        "lines": [
          1,
          1,
          1,
          null,
          1,
          null,
          1,
          1,
          1,
          1,
          null,
          1,
          null,
          1,
          1,
          1,
          null,
          null,
          null,
          1,
          1,
          1,
          1,
          1,
          null,
          1,
          1,
          1,
          null,
          1,
          1,
          1,
          1,
          null,
          null,
          null
        ]
      },
      "/Users/paula/Projects/bookmark-manager/spec/database_connection_spec.rb": {
        "lines": [
          1,
          null,
          1,
          1,
          1,
          1,
          1,
          null,
          null,
          null,
          1,
          1,
          1,
          1,
          1,
          null,
          null,
          null
        ]
      },
      "/Users/paula/Projects/bookmark-manager/spec/features/add_bookmarks_spec.rb": {
        "lines": [
          1,
          1,
          1,
          1,
          1,
          1,
          1,
          null,
          null,
          1,
          1,
          1,
          1,
          1,
          1,
          null,
          null
        ]
      },
      "/Users/paula/Projects/bookmark-manager/spec/features/add_view_comments_spec.rb": {
        "lines": [
          1,
          1,
          1,
          1,
          1,
          1,
          1,
          1,
          1,
          null,
          1,
          1,
          null,
          null,
          null
        ]
      },
      "/Users/paula/Projects/bookmark-manager/spec/features/bookmarks_spec.rb": {
        "lines": [
          1,
          1,
          1,
          1,
          1,
          1,
          null,
          null
        ]
      },
      "/Users/paula/Projects/bookmark-manager/spec/features/delete_bookmark_spec.rb": {
        "lines": [
          1,
          1,
          1,
          1,
          1,
          1,
          1,
          1,
          null,
          null
        ]
      },
      "/Users/paula/Projects/bookmark-manager/spec/features/index_spec.rb": {
        "lines": [
          1,
          1,
          1,
          1,
          null,
          null
        ]
      },
      "/Users/paula/Projects/bookmark-manager/spec/features/tagging_spec.rb": {
        "lines": [
          1,
          1,
          1,
          1,
          1,
          1,
          1,
          null,
          1,
          1,
          null,
          1,
          1,
          null,
          null,
          null,
          1,
          1,
          1,
          1,
          1,
          null,
          1,
          null,
          1,
          1,
          null,
          1,
          1,
          null,
          1,
          1,
          null,
          1,
          1,
          null,
          1,
          null,
          1,
          1,
          1,
          null,
          null,
          null
        ]
      },
      "/Users/paula/Projects/bookmark-manager/spec/features/update_bookmarks_spec.rb": {
        "lines": [
          1,
          1,
          1,
          1,
          1,
          null,
          1,
          1,
          null,
          1,
          1,
          1,
          null,
          1,
          1,
          1,
          null,
          null
        ]
      },
      "/Users/paula/Projects/bookmark-manager/spec/tag_spec.rb": {
        "lines": [
          1,
          1,
          1,
          1,
          null,
          1,
          2,
          null,
          1,
          1,
          1,
          1,
          null,
          1,
          null,
          1,
          1,
          null,
          null,
          null,
          1,
          1,
          1,
          1,
          null,
          1,
          null,
          null,
          null,
          null,
          1,
          1,
          1,
          1,
          null,
          1,
          1,
          null,
          null,
          null,
          1,
          1,
          1,
          1,
          1,
          null,
          null,
          null,
          1,
          1,
          1,
          1,
          1,
          1,
          1,
          null,
          1,
          1,
          null,
          1,
          1,
          1,
          null,
          null,
          null,
          null
        ]
      }
    },
    "timestamp": 1604689105
  }
}
